Logger initialized
{"level":"info","msg":"Consumer created successfully","time":"2025-01-17 16:10:38"}
{"level":"info","msg":"Starting consumer...","time":"2025-01-17 16:10:38"}
{"level":"info","msg":"Consumer started successfully","time":"2025-01-17 16:10:38"}
{"level":"info","msg":"Consumer started successfully","time":"2025-01-17 16:10:38"}
{"level":"info","msg":"Received message from queue","time":"2025-01-17 16:10:47"}
{"level":"info","msg":"Start processing message","time":"2025-01-17 16:10:47"}
{"content":"{\"created_at\":\"2025-01-17T16:10:47.9441651+03:00\",\"event\":\"user_created\",\"todo_id\":21}","event":"{\"created_at\":\"2025-01-17T16:10:47.9441651+03:00\",\"event\":\"user_created\",\"todo_id\":21}","level":"info","msg":"Message content","time":"2025-01-17 16:10:47"}
{"level":"info","msg":"Finish processing message","time":"2025-01-17 16:10:47"}
{"level":"info","msg":"Successfully processed message","time":"2025-01-17 16:10:47"}
{"level":"info","msg":"Shutting down...","time":"2025-01-17 16:13:51"}
Logger initialized
{"level":"info","msg":"Consumer created successfully","time":"2025-01-17 16:13:54"}
{"level":"info","msg":"Starting consumer...","time":"2025-01-17 16:13:54"}
{"level":"info","msg":"Consumer started successfully","time":"2025-01-17 16:13:54"}
{"level":"info","msg":"Consumer started successfully","time":"2025-01-17 16:13:54"}
{"level":"info","msg":"Received message from queue","time":"2025-01-17 16:14:02"}
{"content":"{\"created_at\":\"2025-01-17T16:14:02.4244974+03:00\",\"event\":\"user_created\",\"todo_id\":22}","level":"info","msg":"Processing message","time":"2025-01-17 16:14:02"}
{"level":"info","msg":"Successfully processed message","time":"2025-01-17 16:14:02"}
{"level":"info","msg":"Shutting down...","time":"2025-01-17 16:14:48"}
Logger initialized
{"level":"info","msg":"Starting consumer...","time":"2025-01-17 16:14:51"}
{"level":"info","msg":"Consumer started successfully","time":"2025-01-17 16:14:51"}
{"level":"info","msg":"Received message from queue","time":"2025-01-17 16:15:00"}
{"content":"{\"created_at\":\"2025-01-17T16:15:00.1508516+03:00\",\"event\":\"user_created\",\"todo_id\":23}","level":"info","msg":"Processing message","time":"2025-01-17 16:15:00"}
{"level":"info","msg":"Successfully processed message","time":"2025-01-17 16:15:00"}
{"level":"info","msg":"Shutting down...","time":"2025-01-18 11:54:58"}
{"level":"info","msg":"Starting consumer...","time":"2025-01-18 11:55:02"}
{"level":"info","msg":"Consumer started successfully","time":"2025-01-18 11:55:02"}
{"level":"info","msg":"Received message from queue","time":"2025-01-18 11:55:21"}
{"content":"{\"created_at\":\"2025-01-18T11:55:21.8815176+03:00\",\"event\":\"user_created\",\"todo_id\":24}","level":"info","msg":"Processing message","time":"2025-01-18 11:55:21"}
{"level":"info","msg":"Successfully processed message","time":"2025-01-18 11:55:21"}
